Determining if the pthread_create exist failed with the following output:
Change Dir: /media/sandra/Sandra 1TB/UVic/Trimestre1/IntegracioRobotica/Unitat2/ROS_Tutorials/catkin_ws/build/CMakeFiles/CMakeTmp

Run Build Command:"/usr/bin/make" "cmTC_c0ba7/fast"
/usr/bin/make -f CMakeFiles/cmTC_c0ba7.dir/build.make CMakeFiles/cmTC_c0ba7.dir/build
make[1]: se entra en el directorio '/media/sandra/Sandra 1TB/UVic/Trimestre1/IntegracioRobotica/Unitat2/ROS_Tutorials/catkin_ws/build/CMakeFiles/CMakeTmp'
Building C object CMakeFiles/cmTC_c0ba7.dir/CheckSymbolExists.c.o
/usr/bin/cc     -o CMakeFiles/cmTC_c0ba7.dir/CheckSymbolExists.c.o   -c "/media/sandra/Sandra 1TB/UVic/Trimestre1/IntegracioRobotica/Unitat2/ROS_Tutorials/catkin_ws/build/CMakeFiles/CMakeTmp/CheckSymbolExists.c"
Linking C executable cmTC_c0ba7
/usr/bin/cmake -E cmake_link_script CMakeFiles/cmTC_c0ba7.dir/link.txt --verbose=1
/usr/bin/cc       CMakeFiles/cmTC_c0ba7.dir/CheckSymbolExists.c.o  -o cmTC_c0ba7 -rdynamic 
CMakeFiles/cmTC_c0ba7.dir/CheckSymbolExists.c.o: En la funci√≥n `main':
CheckSymbolExists.c:(.text+0x16): referencia a `pthread_create' sin definir
collect2: error: ld returned 1 exit status
CMakeFiles/cmTC_c0ba7.dir/build.make:97: fallo en las instrucciones para el objetivo 'cmTC_c0ba7'
make[1]: *** [cmTC_c0ba7] Error 1
make[1]: se sale del directorio '/media/sandra/Sandra 1TB/UVic/Trimestre1/IntegracioRobotica/Unitat2/ROS_Tutorials/catkin_ws/build/CMakeFiles/CMakeTmp'
Makefile:126: fallo en las instrucciones para el objetivo 'cmTC_c0ba7/fast'
make: *** [cmTC_c0ba7/fast] Error 2

File /media/sandra/Sandra 1TB/UVic/Trimestre1/IntegracioRobotica/Unitat2/ROS_Tutorials/catkin_ws/build/CMakeFiles/CMakeTmp/CheckSymbolExists.c:
/* */
#include <pthread.h>

int main(int argc, char** argv)
{
  (void)argv;
#ifndef pthread_create
  return ((int*)(&pthread_create))[argc];
#else
  (void)argc;
  return 0;
#endif
}

Determining if the function pthread_create exists in the pthreads failed with the following output:
Change Dir: /media/sandra/Sandra 1TB/UVic/Trimestre1/IntegracioRobotica/Unitat2/ROS_Tutorials/catkin_ws/build/CMakeFiles/CMakeTmp

Run Build Command:"/usr/bin/make" "cmTC_9286d/fast"
/usr/bin/make -f CMakeFiles/cmTC_9286d.dir/build.make CMakeFiles/cmTC_9286d.dir/build
make[1]: se entra en el directorio '/media/sandra/Sandra 1TB/UVic/Trimestre1/IntegracioRobotica/Unitat2/ROS_Tutorials/catkin_ws/build/CMakeFiles/CMakeTmp'
Building C object CMakeFiles/cmTC_9286d.dir/CheckFunctionExists.c.o
/usr/bin/cc    -DCHECK_FUNCTION_EXISTS=pthread_create   -o CMakeFiles/cmTC_9286d.dir/CheckFunctionExists.c.o   -c /usr/share/cmake-3.5/Modules/CheckFunctionExists.c
Linking C executable cmTC_9286d
/usr/bin/cmake -E cmake_link_script CMakeFiles/cmTC_9286d.dir/link.txt --verbose=1
/usr/bin/cc   -DCHECK_FUNCTION_EXISTS=pthread_create    CMakeFiles/cmTC_9286d.dir/CheckFunctionExists.c.o  -o cmTC_9286d -rdynamic -lpthreads 
/usr/bin/ld: no se puede encontrar -lpthreads
collect2: error: ld returned 1 exit status
CMakeFiles/cmTC_9286d.dir/build.make:97: fallo en las instrucciones para el objetivo 'cmTC_9286d'
make[1]: *** [cmTC_9286d] Error 1
make[1]: se sale del directorio '/media/sandra/Sandra 1TB/UVic/Trimestre1/IntegracioRobotica/Unitat2/ROS_Tutorials/catkin_ws/build/CMakeFiles/CMakeTmp'
Makefile:126: fallo en las instrucciones para el objetivo 'cmTC_9286d/fast'
make: *** [cmTC_9286d/fast] Error 2


